<?xml version="1.0" encoding="UTF-8"?>
<testsuite xmlns:xsi="http://www.w3.org/2001/XMLSchema-instance" xsi:noNamespaceSchemaLocation="https://maven.apache.org/surefire/maven-surefire-plugin/xsd/surefire-test-report-3.0.xsd" version="3.0" name="test.java.LaskinTest" time="0.011" tests="5" errors="0" skipped="1" failures="0">
  <properties>
[...]
</properties>
  <testcase name="testJaaNollalla" classname="test.java.LaskinTest" time="0.003"/>
  <testcase name="testJaa" classname="test.java.LaskinTest" time="0.001"/>
  <testcase name="testKerro" classname="test.java.LaskinTest" time="0">
    <skipped message="HUOMAA - Metodi kerro() on vielä toteuttamatta, eikä sitä haluta ajaa vielä"/>
  </testcase>
  <testcase name="testLisaa" classname="test.java.LaskinTest" time="0.001"/>
  <testcase name="testVahenna" classname="test.java.LaskinTest" time="0.001"/>
</testsuite>